<?xml version="1.0" encoding="UTF-8"?>
<testsuite name="com.aws.distribution.springboot.web.dto.HelloResponseDtoTest" tests="1" skipped="0" failures="0" errors="0" timestamp="2020-12-20T11:01:24" hostname="DESKTOP-BVLU2KD" time="0.098">
  <properties/>
  <testcase name="롬복_기능_테스트" classname="com.aws.distribution.springboot.web.dto.HelloResponseDtoTest" time="0.098"/>
  <system-out><![CDATA[]]></system-out>
  <system-err><![CDATA[]]></system-err>
</testsuite>
